e:\simple\kygame\proj.win32\debug.win32\main.obj
e:\simple\kygame\proj.win32\debug.win32\appdelegate.obj
e:\simple\kygame\proj.win32\debug.win32\helloworldscene.obj
e:\simple\kygame\proj.win32\debug.win32\loginscene.obj
e:\simple\kygame\proj.win32\debug.win32\utility.obj
e:\simple\kygame\proj.win32\debug.win32\aboutscene.obj
e:\simple\kygame\proj.win32\debug.win32\httptraveller.obj
e:\simple\kygame\proj.win32\debug.win32\vc120.pdb
e:\simple\kygame\proj.win32\debug.win32\vc120.idb
e:\simple\proj.win32\debug.win32\kygame.lib
e:\simple\proj.win32\debug.win32\kygame.exp
e:\simple\proj.win32\debug.win32\kygame.ilk
e:\simple\proj.win32\debug.win32\kygame.exe
e:\simple\proj.win32\debug.win32\kygame.pdb
e:\simple\kygame\proj.win32\debug.win32\game.res
e:\simple\kygame\proj.win32\debug.win32\kygame.vcxprojresolveassemblyreference.cache
e:\simple\kygame\proj.win32\debug.win32\kygame.tlog\cl.command.1.tlog
e:\simple\kygame\proj.win32\debug.win32\kygame.tlog\cl.read.1.tlog
e:\simple\kygame\proj.win32\debug.win32\kygame.tlog\cl.write.1.tlog
e:\simple\kygame\proj.win32\debug.win32\kygame.tlog\kygame.write.1u.tlog
e:\simple\kygame\proj.win32\debug.win32\kygame.tlog\link-cvtres.read.1.tlog
e:\simple\kygame\proj.win32\debug.win32\kygame.tlog\link-cvtres.write.1.tlog
e:\simple\kygame\proj.win32\debug.win32\kygame.tlog\link-rc.read.1.tlog
e:\simple\kygame\proj.win32\debug.win32\kygame.tlog\link-rc.write.1.tlog
e:\simple\kygame\proj.win32\debug.win32\kygame.tlog\link.command.1.tlog
e:\simple\kygame\proj.win32\debug.win32\kygame.tlog\link.read.1.tlog
e:\simple\kygame\proj.win32\debug.win32\kygame.tlog\link.write.1.tlog
e:\simple\kygame\proj.win32\debug.win32\kygame.tlog\rc.command.1.tlog
e:\simple\kygame\proj.win32\debug.win32\kygame.tlog\rc.read.1.tlog
e:\simple\kygame\proj.win32\debug.win32\kygame.tlog\rc.write.1.tlog
